nativecore/src/main/cpp/opencv/build_android/opencv_android/tutorial-1-camerapreview/build/intermediates/manifest_merge_blame_file/release/processReleaseMainManifest/manifest-merger-blame-release-report.txt
1<?xml version="1.0" encoding="utf-8"?>
2<manifest xmlns:android="http://schemas.android.com/apk/res/android"
3    package="org.opencv.samples.tutorial1"
4    android:versionCode="301"
5    android:versionName="3.01" > <!-- [camera_permissions] -->
6    <uses-sdk
7        android:minSdkVersion="26"
8        android:targetSdkVersion="34" />
9
10    <supports-screens
10-->tutorial-1-camerapreview/gradle/AndroidManifest.xml:23:5-27:51
11        android:anyDensity="true"
11-->tutorial-1-camerapreview/gradle/AndroidManifest.xml:27:23-48
12        android:largeScreens="true"
12-->tutorial-1-camerapreview/gradle/AndroidManifest.xml:26:23-50
13        android:normalScreens="true"
13-->tutorial-1-camerapreview/gradle/AndroidManifest.xml:25:23-51
14        android:resizeable="true"
14-->tutorial-1-camerapreview/gradle/AndroidManifest.xml:23:23-48
15        android:smallScreens="true" />
15-->tutorial-1-camerapreview/gradle/AndroidManifest.xml:24:23-50
16
17    <!-- [camera_permissions] -->
18    <uses-permission android:name="android.permission.CAMERA" />
18-->tutorial-1-camerapreview/gradle/AndroidManifest.xml:30:5-64
18-->tutorial-1-camerapreview/gradle/AndroidManifest.xml:30:22-62
19
20    <uses-feature
20-->tutorial-1-camerapreview/gradle/AndroidManifest.xml:32:5-84
21        android:name="android.hardware.camera"
21-->tutorial-1-camerapreview/gradle/AndroidManifest.xml:32:19-57
22        android:required="false" />
22-->tutorial-1-camerapreview/gradle/AndroidManifest.xml:32:58-82
23    <uses-feature
23-->tutorial-1-camerapreview/gradle/AndroidManifest.xml:33:5-94
24        android:name="android.hardware.camera.autofocus"
24-->tutorial-1-camerapreview/gradle/AndroidManifest.xml:33:19-67
25        android:required="false" />
25-->tutorial-1-camerapreview/gradle/AndroidManifest.xml:33:68-92
26    <uses-feature
26-->tutorial-1-camerapreview/gradle/AndroidManifest.xml:34:5-90
27        android:name="android.hardware.camera.front"
27-->tutorial-1-camerapreview/gradle/AndroidManifest.xml:34:19-63
28        android:required="false" />
28-->tutorial-1-camerapreview/gradle/AndroidManifest.xml:34:64-88
29    <uses-feature
29-->tutorial-1-camerapreview/gradle/AndroidManifest.xml:35:5-100
30        android:name="android.hardware.camera.front.autofocus"
30-->tutorial-1-camerapreview/gradle/AndroidManifest.xml:35:19-73
31        android:required="false" />
31-->tutorial-1-camerapreview/gradle/AndroidManifest.xml:35:74-98
32
33    <application
33-->tutorial-1-camerapreview/gradle/AndroidManifest.xml:6:5-21:19
34        android:extractNativeLibs="false"
35        android:icon="@drawable/icon"
35-->tutorial-1-camerapreview/gradle/AndroidManifest.xml:8:9-38
36        android:label="@string/app_name"
36-->tutorial-1-camerapreview/gradle/AndroidManifest.xml:7:9-41
37        android:theme="@android:style/Theme.NoTitleBar.Fullscreen" >
37-->tutorial-1-camerapreview/gradle/AndroidManifest.xml:9:9-67
38        <activity
38-->tutorial-1-camerapreview/gradle/AndroidManifest.xml:11:9-20:20
39            android:name="org.opencv.samples.tutorial1.Tutorial1Activity"
39-->tutorial-1-camerapreview/gradle/AndroidManifest.xml:13:19-51
40            android:configChanges="keyboardHidden|orientation"
40-->tutorial-1-camerapreview/gradle/AndroidManifest.xml:15:19-69
41            android:exported="true"
41-->tutorial-1-camerapreview/gradle/AndroidManifest.xml:12:19-42
42            android:label="@string/app_name" >
42-->tutorial-1-camerapreview/gradle/AndroidManifest.xml:14:19-51
43            <intent-filter>
43-->tutorial-1-camerapreview/gradle/AndroidManifest.xml:16:13-19:29
44                <action android:name="android.intent.action.MAIN" />
44-->tutorial-1-camerapreview/gradle/AndroidManifest.xml:17:17-69
44-->tutorial-1-camerapreview/gradle/AndroidManifest.xml:17:25-66
45
46                <category android:name="android.intent.category.LAUNCHER" />
46-->tutorial-1-camerapreview/gradle/AndroidManifest.xml:18:17-77
46-->tutorial-1-camerapreview/gradle/AndroidManifest.xml:18:27-74
47            </intent-filter>
48        </activity>
49    </application>
50
51</manifest>